2026-02-03T15:32:44.906+01:00  INFO 85566 --- [recruitment] [main] s.k.i.r.RecruitmentApplication           : Starting RecruitmentApplication using Java 25.0.1 with PID 85566 (/Users/noorfaradj/Documents/GitHub/recruitment-system-group14/target/classes started by noorfaradj in /Users/noorfaradj/Documents/GitHub/recruitment-system-group14)
2026-02-03T15:32:44.908+01:00 DEBUG 85566 --- [recruitment] [main] s.k.i.r.RecruitmentApplication           : Running with Spring Boot v3.2.2, Spring v6.1.3
2026-02-03T15:32:44.908+01:00  INFO 85566 --- [recruitment] [main] s.k.i.r.RecruitmentApplication           : No active profile set, falling back to 1 default profile: "default"
2026-02-03T15:32:45.228+01:00  INFO 85566 --- [recruitment] [main] .s.d.r.c.RepositoryConfigurationDelegate : Bootstrapping Spring Data JPA repositories in DEFAULT mode.
2026-02-03T15:32:45.251+01:00  INFO 85566 --- [recruitment] [main] .s.d.r.c.RepositoryConfigurationDelegate : Finished Spring Data repository scanning in 20 ms. Found 1 JPA repository interface.
2026-02-03T15:32:45.485+01:00  INFO 85566 --- [recruitment] [main] o.s.b.w.embedded.tomcat.TomcatWebServer  : Tomcat initialized with port 8080 (http)
2026-02-03T15:32:45.491+01:00  INFO 85566 --- [recruitment] [main] o.apache.catalina.core.StandardService   : Starting service [Tomcat]
2026-02-03T15:32:45.491+01:00  INFO 85566 --- [recruitment] [main] o.apache.catalina.core.StandardEngine    : Starting Servlet engine: [Apache Tomcat/10.1.18]
2026-02-03T15:32:45.517+01:00  INFO 85566 --- [recruitment] [main] o.a.c.c.C.[Tomcat].[localhost].[/]       : Initializing Spring embedded WebApplicationContext
2026-02-03T15:32:45.517+01:00  INFO 85566 --- [recruitment] [main] w.s.c.ServletWebServerApplicationContext : Root WebApplicationContext: initialization completed in 586 ms
2026-02-03T15:32:45.567+01:00  INFO 85566 --- [recruitment] [main] com.zaxxer.hikari.HikariDataSource       : HikariPool-1 - Starting...
2026-02-03T15:32:45.666+01:00  INFO 85566 --- [recruitment] [main] com.zaxxer.hikari.pool.HikariPool        : HikariPool-1 - Added connection org.postgresql.jdbc.PgConnection@fb0a08c
2026-02-03T15:32:45.666+01:00  INFO 85566 --- [recruitment] [main] com.zaxxer.hikari.HikariDataSource       : HikariPool-1 - Start completed.
2026-02-03T15:32:45.698+01:00  INFO 85566 --- [recruitment] [main] o.f.c.internal.license.VersionPrinter    : Flyway Community Edition 9.22.3 by Redgate
2026-02-03T15:32:45.698+01:00  INFO 85566 --- [recruitment] [main] o.f.c.internal.license.VersionPrinter    : See release notes here: https://rd.gt/416ObMi
2026-02-03T15:32:45.698+01:00  INFO 85566 --- [recruitment] [main] o.f.c.internal.license.VersionPrinter    : 
2026-02-03T15:32:45.707+01:00  INFO 85566 --- [recruitment] [main] org.flywaydb.core.FlywayExecutor         : Database: jdbc:postgresql://localhost:5432/recruitment (PostgreSQL 16.11)
2026-02-03T15:32:45.722+01:00  WARN 85566 --- [recruitment] [main] o.f.c.internal.database.base.Database    : Flyway upgrade recommended: PostgreSQL 16.11 is newer than this version of Flyway and support has not been tested. The latest supported version of PostgreSQL is 15.
2026-02-03T15:32:45.745+01:00  INFO 85566 --- [recruitment] [main] o.f.core.internal.command.DbValidate     : Successfully validated 2 migrations (execution time 00:00.012s)
2026-02-03T15:32:45.775+01:00  INFO 85566 --- [recruitment] [main] o.f.core.internal.command.DbMigrate      : Current version of schema "public": 2
2026-02-03T15:32:45.777+01:00  INFO 85566 --- [recruitment] [main] o.f.core.internal.command.DbMigrate      : Schema "public" is up to date. No migration necessary.
2026-02-03T15:32:45.812+01:00  INFO 85566 --- [recruitment] [main] o.hibernate.jpa.internal.util.LogHelper  : HHH000204: Processing PersistenceUnitInfo [name: default]
2026-02-03T15:32:45.838+01:00  INFO 85566 --- [recruitment] [main] org.hibernate.Version                    : HHH000412: Hibernate ORM core version 6.4.1.Final
2026-02-03T15:32:45.851+01:00  INFO 85566 --- [recruitment] [main] o.h.c.internal.RegionFactoryInitiator    : HHH000026: Second-level cache disabled
2026-02-03T15:32:45.953+01:00  INFO 85566 --- [recruitment] [main] o.s.o.j.p.SpringPersistenceUnitInfo      : No LoadTimeWeaver setup: ignoring JPA class transformer
2026-02-03T15:32:46.330+01:00  INFO 85566 --- [recruitment] [main] o.h.e.t.j.p.i.JtaPlatformInitiator       : HHH000489: No JTA platform available (set 'hibernate.transaction.jta.platform' to enable JTA platform integration)
2026-02-03T15:32:46.353+01:00  INFO 85566 --- [recruitment] [main] j.LocalContainerEntityManagerFactoryBean : Initialized JPA EntityManagerFactory for persistence unit 'default'
2026-02-03T15:32:46.630+01:00  INFO 85566 --- [recruitment] [main] o.s.b.w.embedded.tomcat.TomcatWebServer  : Tomcat started on port 8080 (http) with context path ''
2026-02-03T15:32:46.635+01:00  INFO 85566 --- [recruitment] [main] s.k.i.r.RecruitmentApplication           : Started RecruitmentApplication in 1.911 seconds (process running for 2.038)
2026-02-03T15:34:42.678+01:00  INFO 85566 --- [recruitment] [SpringApplicationShutdownHook] j.LocalContainerEntityManagerFactoryBean : Closing JPA EntityManagerFactory for persistence unit 'default'
2026-02-03T15:34:42.686+01:00  INFO 85566 --- [recruitment] [SpringApplicationShutdownHook] com.zaxxer.hikari.HikariDataSource       : HikariPool-1 - Shutdown initiated...
2026-02-03T15:34:42.688+01:00  INFO 85566 --- [recruitment] [SpringApplicationShutdownHook] com.zaxxer.hikari.HikariDataSource       : HikariPool-1 - Shutdown completed.
2026-02-03T15:34:57.464+01:00  INFO 85706 --- [recruitment] [main] s.k.i.r.RecruitmentApplication           : Starting RecruitmentApplication using Java 25.0.1 with PID 85706 (/Users/noorfaradj/Documents/GitHub/recruitment-system-group14/target/classes started by noorfaradj in /Users/noorfaradj/Documents/GitHub/recruitment-system-group14)
2026-02-03T15:34:57.464+01:00 DEBUG 85706 --- [recruitment] [main] s.k.i.r.RecruitmentApplication           : Running with Spring Boot v3.2.2, Spring v6.1.3
2026-02-03T15:34:57.465+01:00  INFO 85706 --- [recruitment] [main] s.k.i.r.RecruitmentApplication           : No active profile set, falling back to 1 default profile: "default"
2026-02-03T15:34:57.742+01:00  INFO 85706 --- [recruitment] [main] .s.d.r.c.RepositoryConfigurationDelegate : Bootstrapping Spring Data JPA repositories in DEFAULT mode.
2026-02-03T15:34:57.765+01:00  INFO 85706 --- [recruitment] [main] .s.d.r.c.RepositoryConfigurationDelegate : Finished Spring Data repository scanning in 19 ms. Found 1 JPA repository interface.
2026-02-03T15:34:58.007+01:00  INFO 85706 --- [recruitment] [main] o.s.b.w.embedded.tomcat.TomcatWebServer  : Tomcat initialized with port 8080 (http)
2026-02-03T15:34:58.014+01:00  INFO 85706 --- [recruitment] [main] o.apache.catalina.core.StandardService   : Starting service [Tomcat]
2026-02-03T15:34:58.014+01:00  INFO 85706 --- [recruitment] [main] o.apache.catalina.core.StandardEngine    : Starting Servlet engine: [Apache Tomcat/10.1.18]
2026-02-03T15:34:58.040+01:00  INFO 85706 --- [recruitment] [main] o.a.c.c.C.[Tomcat].[localhost].[/]       : Initializing Spring embedded WebApplicationContext
2026-02-03T15:34:58.040+01:00  INFO 85706 --- [recruitment] [main] w.s.c.ServletWebServerApplicationContext : Root WebApplicationContext: initialization completed in 556 ms
2026-02-03T15:34:58.089+01:00  INFO 85706 --- [recruitment] [main] com.zaxxer.hikari.HikariDataSource       : HikariPool-1 - Starting...
2026-02-03T15:34:58.199+01:00  INFO 85706 --- [recruitment] [main] com.zaxxer.hikari.pool.HikariPool        : HikariPool-1 - Added connection org.postgresql.jdbc.PgConnection@32eae6f2
2026-02-03T15:34:58.199+01:00  INFO 85706 --- [recruitment] [main] com.zaxxer.hikari.HikariDataSource       : HikariPool-1 - Start completed.
2026-02-03T15:34:58.242+01:00  INFO 85706 --- [recruitment] [main] o.f.c.internal.license.VersionPrinter    : Flyway Community Edition 9.22.3 by Redgate
2026-02-03T15:34:58.242+01:00  INFO 85706 --- [recruitment] [main] o.f.c.internal.license.VersionPrinter    : See release notes here: https://rd.gt/416ObMi
2026-02-03T15:34:58.242+01:00  INFO 85706 --- [recruitment] [main] o.f.c.internal.license.VersionPrinter    : 
2026-02-03T15:34:58.252+01:00  INFO 85706 --- [recruitment] [main] org.flywaydb.core.FlywayExecutor         : Database: jdbc:postgresql://localhost:5432/recruitment (PostgreSQL 16.11)
2026-02-03T15:34:58.259+01:00  WARN 85706 --- [recruitment] [main] o.f.c.internal.database.base.Database    : Flyway upgrade recommended: PostgreSQL 16.11 is newer than this version of Flyway and support has not been tested. The latest supported version of PostgreSQL is 15.
2026-02-03T15:34:58.285+01:00  INFO 85706 --- [recruitment] [main] o.f.core.internal.command.DbValidate     : Successfully validated 2 migrations (execution time 00:00.016s)
2026-02-03T15:34:58.320+01:00  INFO 85706 --- [recruitment] [main] o.f.core.internal.command.DbMigrate      : Current version of schema "public": 2
2026-02-03T15:34:58.322+01:00  INFO 85706 --- [recruitment] [main] o.f.core.internal.command.DbMigrate      : Schema "public" is up to date. No migration necessary.
2026-02-03T15:34:58.362+01:00  INFO 85706 --- [recruitment] [main] o.hibernate.jpa.internal.util.LogHelper  : HHH000204: Processing PersistenceUnitInfo [name: default]
2026-02-03T15:34:58.394+01:00  INFO 85706 --- [recruitment] [main] org.hibernate.Version                    : HHH000412: Hibernate ORM core version 6.4.1.Final
2026-02-03T15:34:58.411+01:00  INFO 85706 --- [recruitment] [main] o.h.c.internal.RegionFactoryInitiator    : HHH000026: Second-level cache disabled
2026-02-03T15:34:58.532+01:00  INFO 85706 --- [recruitment] [main] o.s.o.j.p.SpringPersistenceUnitInfo      : No LoadTimeWeaver setup: ignoring JPA class transformer
2026-02-03T15:34:58.952+01:00  INFO 85706 --- [recruitment] [main] o.h.e.t.j.p.i.JtaPlatformInitiator       : HHH000489: No JTA platform available (set 'hibernate.transaction.jta.platform' to enable JTA platform integration)
2026-02-03T15:34:58.976+01:00  INFO 85706 --- [recruitment] [main] j.LocalContainerEntityManagerFactoryBean : Initialized JPA EntityManagerFactory for persistence unit 'default'
2026-02-03T15:34:59.272+01:00  INFO 85706 --- [recruitment] [main] o.s.b.w.embedded.tomcat.TomcatWebServer  : Tomcat started on port 8080 (http) with context path ''
2026-02-03T15:34:59.277+01:00  INFO 85706 --- [recruitment] [main] s.k.i.r.RecruitmentApplication           : Started RecruitmentApplication in 1.989 seconds (process running for 2.149)
2026-02-03T15:35:00.526+01:00  INFO 85706 --- [recruitment] [http-nio-8080-exec-1] o.a.c.c.C.[Tomcat].[localhost].[/]       : Initializing Spring DispatcherServlet 'dispatcherServlet'
2026-02-03T15:35:00.526+01:00  INFO 85706 --- [recruitment] [http-nio-8080-exec-1] o.s.web.servlet.DispatcherServlet        : Initializing Servlet 'dispatcherServlet'
2026-02-03T15:35:00.527+01:00  INFO 85706 --- [recruitment] [http-nio-8080-exec-1] o.s.web.servlet.DispatcherServlet        : Completed initialization in 1 ms
2026-02-03T15:35:00.542+01:00 ERROR 85706 --- [recruitment] [http-nio-8080-exec-1] s.k.i.r.e.GlobalExceptionHandler         : error id: fa18ee3c-34a5-4a4b-a3d6-81f3ceb993e6 - No static resource recruiter/applications.

org.springframework.web.servlet.resource.NoResourceFoundException: No static resource recruiter/applications.
	at org.springframework.web.servlet.resource.ResourceHttpRequestHandler.handleRequest(ResourceHttpRequestHandler.java:585) ~[spring-webmvc-6.1.3.jar:6.1.3]
	at org.springframework.web.servlet.mvc.HttpRequestHandlerAdapter.handle(HttpRequestHandlerAdapter.java:52) ~[spring-webmvc-6.1.3.jar:6.1.3]
	at org.springframework.web.servlet.DispatcherServlet.doDispatch(DispatcherServlet.java:1089) ~[spring-webmvc-6.1.3.jar:6.1.3]
	at org.springframework.web.servlet.DispatcherServlet.doService(DispatcherServlet.java:979) ~[spring-webmvc-6.1.3.jar:6.1.3]
	at org.springframework.web.servlet.FrameworkServlet.processRequest(FrameworkServlet.java:1014) ~[spring-webmvc-6.1.3.jar:6.1.3]
	at org.springframework.web.servlet.FrameworkServlet.doGet(FrameworkServlet.java:903) ~[spring-webmvc-6.1.3.jar:6.1.3]
	at jakarta.servlet.http.HttpServlet.service(HttpServlet.java:564) ~[tomcat-embed-core-10.1.18.jar:6.0]
	at org.springframework.web.servlet.FrameworkServlet.service(FrameworkServlet.java:885) ~[spring-webmvc-6.1.3.jar:6.1.3]
	at jakarta.servlet.http.HttpServlet.service(HttpServlet.java:658) ~[tomcat-embed-core-10.1.18.jar:6.0]
	at org.apache.catalina.core.ApplicationFilterChain.internalDoFilter(ApplicationFilterChain.java:205) ~[tomcat-embed-core-10.1.18.jar:10.1.18]
	at org.apache.catalina.core.ApplicationFilterChain.doFilter(ApplicationFilterChain.java:149) ~[tomcat-embed-core-10.1.18.jar:10.1.18]
	at org.apache.tomcat.websocket.server.WsFilter.doFilter(WsFilter.java:51) ~[tomcat-embed-websocket-10.1.18.jar:10.1.18]
	at org.apache.catalina.core.ApplicationFilterChain.internalDoFilter(ApplicationFilterChain.java:174) ~[tomcat-embed-core-10.1.18.jar:10.1.18]
	at org.apache.catalina.core.ApplicationFilterChain.doFilter(ApplicationFilterChain.java:149) ~[tomcat-embed-core-10.1.18.jar:10.1.18]
	at org.springframework.web.filter.RequestContextFilter.doFilterInternal(RequestContextFilter.java:100) ~[spring-web-6.1.3.jar:6.1.3]
	at org.springframework.web.filter.OncePerRequestFilter.doFilter(OncePerRequestFilter.java:116) ~[spring-web-6.1.3.jar:6.1.3]
	at org.apache.catalina.core.ApplicationFilterChain.internalDoFilter(ApplicationFilterChain.java:174) ~[tomcat-embed-core-10.1.18.jar:10.1.18]
	at org.apache.catalina.core.ApplicationFilterChain.doFilter(ApplicationFilterChain.java:149) ~[tomcat-embed-core-10.1.18.jar:10.1.18]
	at org.springframework.web.filter.FormContentFilter.doFilterInternal(FormContentFilter.java:93) ~[spring-web-6.1.3.jar:6.1.3]
	at org.springframework.web.filter.OncePerRequestFilter.doFilter(OncePerRequestFilter.java:116) ~[spring-web-6.1.3.jar:6.1.3]
	at org.apache.catalina.core.ApplicationFilterChain.internalDoFilter(ApplicationFilterChain.java:174) ~[tomcat-embed-core-10.1.18.jar:10.1.18]
	at org.apache.catalina.core.ApplicationFilterChain.doFilter(ApplicationFilterChain.java:149) ~[tomcat-embed-core-10.1.18.jar:10.1.18]
	at org.springframework.web.filter.CharacterEncodingFilter.doFilterInternal(CharacterEncodingFilter.java:201) ~[spring-web-6.1.3.jar:6.1.3]
	at org.springframework.web.filter.OncePerRequestFilter.doFilter(OncePerRequestFilter.java:116) ~[spring-web-6.1.3.jar:6.1.3]
	at org.apache.catalina.core.ApplicationFilterChain.internalDoFilter(ApplicationFilterChain.java:174) ~[tomcat-embed-core-10.1.18.jar:10.1.18]
	at org.apache.catalina.core.ApplicationFilterChain.doFilter(ApplicationFilterChain.java:149) ~[tomcat-embed-core-10.1.18.jar:10.1.18]
	at org.apache.catalina.core.StandardWrapperValve.invoke(StandardWrapperValve.java:167) ~[tomcat-embed-core-10.1.18.jar:10.1.18]
	at org.apache.catalina.core.StandardContextValve.invoke(StandardContextValve.java:90) ~[tomcat-embed-core-10.1.18.jar:10.1.18]
	at org.apache.catalina.authenticator.AuthenticatorBase.invoke(AuthenticatorBase.java:482) ~[tomcat-embed-core-10.1.18.jar:10.1.18]
	at org.apache.catalina.core.StandardHostValve.invoke(StandardHostValve.java:115) ~[tomcat-embed-core-10.1.18.jar:10.1.18]
	at org.apache.catalina.valves.ErrorReportValve.invoke(ErrorReportValve.java:93) ~[tomcat-embed-core-10.1.18.jar:10.1.18]
	at org.apache.catalina.core.StandardEngineValve.invoke(StandardEngineValve.java:74) ~[tomcat-embed-core-10.1.18.jar:10.1.18]
	at org.apache.catalina.connector.CoyoteAdapter.service(CoyoteAdapter.java:340) ~[tomcat-embed-core-10.1.18.jar:10.1.18]
	at org.apache.coyote.http11.Http11Processor.service(Http11Processor.java:391) ~[tomcat-embed-core-10.1.18.jar:10.1.18]
	at org.apache.coyote.AbstractProcessorLight.process(AbstractProcessorLight.java:63) ~[tomcat-embed-core-10.1.18.jar:10.1.18]
	at org.apache.coyote.AbstractProtocol$ConnectionHandler.process(AbstractProtocol.java:896) ~[tomcat-embed-core-10.1.18.jar:10.1.18]
	at org.apache.tomcat.util.net.NioEndpoint$SocketProcessor.doRun(NioEndpoint.java:1744) ~[tomcat-embed-core-10.1.18.jar:10.1.18]
	at org.apache.tomcat.util.net.SocketProcessorBase.run(SocketProcessorBase.java:52) ~[tomcat-embed-core-10.1.18.jar:10.1.18]
	at org.apache.tomcat.util.threads.ThreadPoolExecutor.runWorker(ThreadPoolExecutor.java:1191) ~[tomcat-embed-core-10.1.18.jar:10.1.18]
	at org.apache.tomcat.util.threads.ThreadPoolExecutor$Worker.run(ThreadPoolExecutor.java:659) ~[tomcat-embed-core-10.1.18.jar:10.1.18]
	at org.apache.tomcat.util.threads.TaskThread$WrappingRunnable.run(TaskThread.java:61) ~[tomcat-embed-core-10.1.18.jar:10.1.18]
	at java.base/java.lang.Thread.run(Thread.java:1474) ~[na:na]

2026-02-03T15:35:03.099+01:00 ERROR 85706 --- [recruitment] [http-nio-8080-exec-4] s.k.i.r.e.GlobalExceptionHandler         : error id: 4d1bdd78-39f2-4943-9b3c-0d7a612f9dcb - No static resource recruiter/applications.

org.springframework.web.servlet.resource.NoResourceFoundException: No static resource recruiter/applications.
	at org.springframework.web.servlet.resource.ResourceHttpRequestHandler.handleRequest(ResourceHttpRequestHandler.java:585) ~[spring-webmvc-6.1.3.jar:6.1.3]
	at org.springframework.web.servlet.mvc.HttpRequestHandlerAdapter.handle(HttpRequestHandlerAdapter.java:52) ~[spring-webmvc-6.1.3.jar:6.1.3]
	at org.springframework.web.servlet.DispatcherServlet.doDispatch(DispatcherServlet.java:1089) ~[spring-webmvc-6.1.3.jar:6.1.3]
	at org.springframework.web.servlet.DispatcherServlet.doService(DispatcherServlet.java:979) ~[spring-webmvc-6.1.3.jar:6.1.3]
	at org.springframework.web.servlet.FrameworkServlet.processRequest(FrameworkServlet.java:1014) ~[spring-webmvc-6.1.3.jar:6.1.3]
	at org.springframework.web.servlet.FrameworkServlet.doGet(FrameworkServlet.java:903) ~[spring-webmvc-6.1.3.jar:6.1.3]
	at jakarta.servlet.http.HttpServlet.service(HttpServlet.java:564) ~[tomcat-embed-core-10.1.18.jar:6.0]
	at org.springframework.web.servlet.FrameworkServlet.service(FrameworkServlet.java:885) ~[spring-webmvc-6.1.3.jar:6.1.3]
	at jakarta.servlet.http.HttpServlet.service(HttpServlet.java:658) ~[tomcat-embed-core-10.1.18.jar:6.0]
	at org.apache.catalina.core.ApplicationFilterChain.internalDoFilter(ApplicationFilterChain.java:205) ~[tomcat-embed-core-10.1.18.jar:10.1.18]
	at org.apache.catalina.core.ApplicationFilterChain.doFilter(ApplicationFilterChain.java:149) ~[tomcat-embed-core-10.1.18.jar:10.1.18]
	at org.apache.tomcat.websocket.server.WsFilter.doFilter(WsFilter.java:51) ~[tomcat-embed-websocket-10.1.18.jar:10.1.18]
	at org.apache.catalina.core.ApplicationFilterChain.internalDoFilter(ApplicationFilterChain.java:174) ~[tomcat-embed-core-10.1.18.jar:10.1.18]
	at org.apache.catalina.core.ApplicationFilterChain.doFilter(ApplicationFilterChain.java:149) ~[tomcat-embed-core-10.1.18.jar:10.1.18]
	at org.springframework.web.filter.RequestContextFilter.doFilterInternal(RequestContextFilter.java:100) ~[spring-web-6.1.3.jar:6.1.3]
	at org.springframework.web.filter.OncePerRequestFilter.doFilter(OncePerRequestFilter.java:116) ~[spring-web-6.1.3.jar:6.1.3]
	at org.apache.catalina.core.ApplicationFilterChain.internalDoFilter(ApplicationFilterChain.java:174) ~[tomcat-embed-core-10.1.18.jar:10.1.18]
	at org.apache.catalina.core.ApplicationFilterChain.doFilter(ApplicationFilterChain.java:149) ~[tomcat-embed-core-10.1.18.jar:10.1.18]
	at org.springframework.web.filter.FormContentFilter.doFilterInternal(FormContentFilter.java:93) ~[spring-web-6.1.3.jar:6.1.3]
	at org.springframework.web.filter.OncePerRequestFilter.doFilter(OncePerRequestFilter.java:116) ~[spring-web-6.1.3.jar:6.1.3]
	at org.apache.catalina.core.ApplicationFilterChain.internalDoFilter(ApplicationFilterChain.java:174) ~[tomcat-embed-core-10.1.18.jar:10.1.18]
	at org.apache.catalina.core.ApplicationFilterChain.doFilter(ApplicationFilterChain.java:149) ~[tomcat-embed-core-10.1.18.jar:10.1.18]
	at org.springframework.web.filter.CharacterEncodingFilter.doFilterInternal(CharacterEncodingFilter.java:201) ~[spring-web-6.1.3.jar:6.1.3]
	at org.springframework.web.filter.OncePerRequestFilter.doFilter(OncePerRequestFilter.java:116) ~[spring-web-6.1.3.jar:6.1.3]
	at org.apache.catalina.core.ApplicationFilterChain.internalDoFilter(ApplicationFilterChain.java:174) ~[tomcat-embed-core-10.1.18.jar:10.1.18]
	at org.apache.catalina.core.ApplicationFilterChain.doFilter(ApplicationFilterChain.java:149) ~[tomcat-embed-core-10.1.18.jar:10.1.18]
	at org.apache.catalina.core.StandardWrapperValve.invoke(StandardWrapperValve.java:167) ~[tomcat-embed-core-10.1.18.jar:10.1.18]
	at org.apache.catalina.core.StandardContextValve.invoke(StandardContextValve.java:90) ~[tomcat-embed-core-10.1.18.jar:10.1.18]
	at org.apache.catalina.authenticator.AuthenticatorBase.invoke(AuthenticatorBase.java:482) ~[tomcat-embed-core-10.1.18.jar:10.1.18]
	at org.apache.catalina.core.StandardHostValve.invoke(StandardHostValve.java:115) ~[tomcat-embed-core-10.1.18.jar:10.1.18]
	at org.apache.catalina.valves.ErrorReportValve.invoke(ErrorReportValve.java:93) ~[tomcat-embed-core-10.1.18.jar:10.1.18]
	at org.apache.catalina.core.StandardEngineValve.invoke(StandardEngineValve.java:74) ~[tomcat-embed-core-10.1.18.jar:10.1.18]
	at org.apache.catalina.connector.CoyoteAdapter.service(CoyoteAdapter.java:340) ~[tomcat-embed-core-10.1.18.jar:10.1.18]
	at org.apache.coyote.http11.Http11Processor.service(Http11Processor.java:391) ~[tomcat-embed-core-10.1.18.jar:10.1.18]
	at org.apache.coyote.AbstractProcessorLight.process(AbstractProcessorLight.java:63) ~[tomcat-embed-core-10.1.18.jar:10.1.18]
	at org.apache.coyote.AbstractProtocol$ConnectionHandler.process(AbstractProtocol.java:896) ~[tomcat-embed-core-10.1.18.jar:10.1.18]
	at org.apache.tomcat.util.net.NioEndpoint$SocketProcessor.doRun(NioEndpoint.java:1744) ~[tomcat-embed-core-10.1.18.jar:10.1.18]
	at org.apache.tomcat.util.net.SocketProcessorBase.run(SocketProcessorBase.java:52) ~[tomcat-embed-core-10.1.18.jar:10.1.18]
	at org.apache.tomcat.util.threads.ThreadPoolExecutor.runWorker(ThreadPoolExecutor.java:1191) ~[tomcat-embed-core-10.1.18.jar:10.1.18]
	at org.apache.tomcat.util.threads.ThreadPoolExecutor$Worker.run(ThreadPoolExecutor.java:659) ~[tomcat-embed-core-10.1.18.jar:10.1.18]
	at org.apache.tomcat.util.threads.TaskThread$WrappingRunnable.run(TaskThread.java:61) ~[tomcat-embed-core-10.1.18.jar:10.1.18]
	at java.base/java.lang.Thread.run(Thread.java:1474) ~[na:na]

2026-02-03T15:37:40.454+01:00  INFO 85706 --- [recruitment] [SpringApplicationShutdownHook] j.LocalContainerEntityManagerFactoryBean : Closing JPA EntityManagerFactory for persistence unit 'default'
2026-02-03T15:37:40.458+01:00  INFO 85706 --- [recruitment] [SpringApplicationShutdownHook] com.zaxxer.hikari.HikariDataSource       : HikariPool-1 - Shutdown initiated...
2026-02-03T15:37:40.460+01:00  INFO 85706 --- [recruitment] [SpringApplicationShutdownHook] com.zaxxer.hikari.HikariDataSource       : HikariPool-1 - Shutdown completed.
2026-02-03T15:37:50.488+01:00  INFO 85885 --- [recruitment] [main] s.k.i.r.RecruitmentApplication           : Starting RecruitmentApplication using Java 25.0.1 with PID 85885 (/Users/noorfaradj/Documents/GitHub/recruitment-system-group14/target/classes started by noorfaradj in /Users/noorfaradj/Documents/GitHub/recruitment-system-group14)
2026-02-03T15:37:50.489+01:00 DEBUG 85885 --- [recruitment] [main] s.k.i.r.RecruitmentApplication           : Running with Spring Boot v3.2.2, Spring v6.1.3
2026-02-03T15:37:50.490+01:00  INFO 85885 --- [recruitment] [main] s.k.i.r.RecruitmentApplication           : No active profile set, falling back to 1 default profile: "default"
2026-02-03T15:37:50.853+01:00  INFO 85885 --- [recruitment] [main] .s.d.r.c.RepositoryConfigurationDelegate : Bootstrapping Spring Data JPA repositories in DEFAULT mode.
2026-02-03T15:37:50.879+01:00  INFO 85885 --- [recruitment] [main] .s.d.r.c.RepositoryConfigurationDelegate : Finished Spring Data repository scanning in 21 ms. Found 1 JPA repository interface.
2026-02-03T15:37:51.117+01:00  INFO 85885 --- [recruitment] [main] o.s.b.w.embedded.tomcat.TomcatWebServer  : Tomcat initialized with port 8080 (http)
2026-02-03T15:37:51.123+01:00  INFO 85885 --- [recruitment] [main] o.apache.catalina.core.StandardService   : Starting service [Tomcat]
2026-02-03T15:37:51.124+01:00  INFO 85885 --- [recruitment] [main] o.apache.catalina.core.StandardEngine    : Starting Servlet engine: [Apache Tomcat/10.1.18]
2026-02-03T15:37:51.152+01:00  INFO 85885 --- [recruitment] [main] o.a.c.c.C.[Tomcat].[localhost].[/]       : Initializing Spring embedded WebApplicationContext
2026-02-03T15:37:51.152+01:00  INFO 85885 --- [recruitment] [main] w.s.c.ServletWebServerApplicationContext : Root WebApplicationContext: initialization completed in 588 ms
2026-02-03T15:37:51.210+01:00  INFO 85885 --- [recruitment] [main] com.zaxxer.hikari.HikariDataSource       : HikariPool-1 - Starting...
2026-02-03T15:37:51.305+01:00  INFO 85885 --- [recruitment] [main] com.zaxxer.hikari.pool.HikariPool        : HikariPool-1 - Added connection org.postgresql.jdbc.PgConnection@3f96f020
2026-02-03T15:37:51.306+01:00  INFO 85885 --- [recruitment] [main] com.zaxxer.hikari.HikariDataSource       : HikariPool-1 - Start completed.
2026-02-03T15:37:51.343+01:00  INFO 85885 --- [recruitment] [main] o.f.c.internal.license.VersionPrinter    : Flyway Community Edition 9.22.3 by Redgate
2026-02-03T15:37:51.343+01:00  INFO 85885 --- [recruitment] [main] o.f.c.internal.license.VersionPrinter    : See release notes here: https://rd.gt/416ObMi
2026-02-03T15:37:51.343+01:00  INFO 85885 --- [recruitment] [main] o.f.c.internal.license.VersionPrinter    : 
2026-02-03T15:37:51.350+01:00  INFO 85885 --- [recruitment] [main] org.flywaydb.core.FlywayExecutor         : Database: jdbc:postgresql://localhost:5432/recruitment (PostgreSQL 16.11)
2026-02-03T15:37:51.372+01:00  WARN 85885 --- [recruitment] [main] o.f.c.internal.database.base.Database    : Flyway upgrade recommended: PostgreSQL 16.11 is newer than this version of Flyway and support has not been tested. The latest supported version of PostgreSQL is 15.
2026-02-03T15:37:51.391+01:00  INFO 85885 --- [recruitment] [main] o.f.core.internal.command.DbValidate     : Successfully validated 2 migrations (execution time 00:00.012s)
2026-02-03T15:37:51.419+01:00  INFO 85885 --- [recruitment] [main] o.f.core.internal.command.DbMigrate      : Current version of schema "public": 2
2026-02-03T15:37:51.421+01:00  INFO 85885 --- [recruitment] [main] o.f.core.internal.command.DbMigrate      : Schema "public" is up to date. No migration necessary.
2026-02-03T15:37:51.472+01:00  INFO 85885 --- [recruitment] [main] o.hibernate.jpa.internal.util.LogHelper  : HHH000204: Processing PersistenceUnitInfo [name: default]
2026-02-03T15:37:51.502+01:00  INFO 85885 --- [recruitment] [main] org.hibernate.Version                    : HHH000412: Hibernate ORM core version 6.4.1.Final
2026-02-03T15:37:51.517+01:00  INFO 85885 --- [recruitment] [main] o.h.c.internal.RegionFactoryInitiator    : HHH000026: Second-level cache disabled
2026-02-03T15:37:51.638+01:00  INFO 85885 --- [recruitment] [main] o.s.o.j.p.SpringPersistenceUnitInfo      : No LoadTimeWeaver setup: ignoring JPA class transformer
2026-02-03T15:37:52.045+01:00  INFO 85885 --- [recruitment] [main] o.h.e.t.j.p.i.JtaPlatformInitiator       : HHH000489: No JTA platform available (set 'hibernate.transaction.jta.platform' to enable JTA platform integration)
2026-02-03T15:37:52.077+01:00  INFO 85885 --- [recruitment] [main] j.LocalContainerEntityManagerFactoryBean : Initialized JPA EntityManagerFactory for persistence unit 'default'
2026-02-03T15:37:52.362+01:00  INFO 85885 --- [recruitment] [main] o.s.b.w.embedded.tomcat.TomcatWebServer  : Tomcat started on port 8080 (http) with context path ''
2026-02-03T15:37:52.367+01:00  INFO 85885 --- [recruitment] [main] s.k.i.r.RecruitmentApplication           : Started RecruitmentApplication in 2.131 seconds (process running for 2.317)
2026-02-03T15:37:54.055+01:00  INFO 85885 --- [recruitment] [http-nio-8080-exec-1] o.a.c.c.C.[Tomcat].[localhost].[/]       : Initializing Spring DispatcherServlet 'dispatcherServlet'
2026-02-03T15:37:54.055+01:00  INFO 85885 --- [recruitment] [http-nio-8080-exec-1] o.s.web.servlet.DispatcherServlet        : Initializing Servlet 'dispatcherServlet'
2026-02-03T15:37:54.056+01:00  INFO 85885 --- [recruitment] [http-nio-8080-exec-1] o.s.web.servlet.DispatcherServlet        : Completed initialization in 1 ms
2026-02-03T15:37:54.071+01:00  INFO 85885 --- [recruitment] [http-nio-8080-exec-1] s.k.i.r.controller.RecruiterController   : Anrop mottaget: Listar alla jobbansökningar.
2026-02-03T15:37:54.078+01:00 DEBUG 85885 --- [recruitment] [http-nio-8080-exec-1] s.k.i.r.s.i.JobApplicationServiceImpl    : Hämtar alla jobbansökningar från databasen.
2026-02-03T15:41:28.906+01:00 ERROR 85885 --- [recruitment] [http-nio-8080-exec-4] s.k.i.r.e.GlobalExceptionHandler         : error id: 703fb45d-0867-4a82-b46b-f2b0ba706a07 - No static resource login.

org.springframework.web.servlet.resource.NoResourceFoundException: No static resource login.
	at org.springframework.web.servlet.resource.ResourceHttpRequestHandler.handleRequest(ResourceHttpRequestHandler.java:585) ~[spring-webmvc-6.1.3.jar:6.1.3]
	at org.springframework.web.servlet.mvc.HttpRequestHandlerAdapter.handle(HttpRequestHandlerAdapter.java:52) ~[spring-webmvc-6.1.3.jar:6.1.3]
	at org.springframework.web.servlet.DispatcherServlet.doDispatch(DispatcherServlet.java:1089) ~[spring-webmvc-6.1.3.jar:6.1.3]
	at org.springframework.web.servlet.DispatcherServlet.doService(DispatcherServlet.java:979) ~[spring-webmvc-6.1.3.jar:6.1.3]
	at org.springframework.web.servlet.FrameworkServlet.processRequest(FrameworkServlet.java:1014) ~[spring-webmvc-6.1.3.jar:6.1.3]
	at org.springframework.web.servlet.FrameworkServlet.doGet(FrameworkServlet.java:903) ~[spring-webmvc-6.1.3.jar:6.1.3]
	at jakarta.servlet.http.HttpServlet.service(HttpServlet.java:564) ~[tomcat-embed-core-10.1.18.jar:6.0]
	at org.springframework.web.servlet.FrameworkServlet.service(FrameworkServlet.java:885) ~[spring-webmvc-6.1.3.jar:6.1.3]
	at jakarta.servlet.http.HttpServlet.service(HttpServlet.java:658) ~[tomcat-embed-core-10.1.18.jar:6.0]
	at org.apache.catalina.core.ApplicationFilterChain.internalDoFilter(ApplicationFilterChain.java:205) ~[tomcat-embed-core-10.1.18.jar:10.1.18]
	at org.apache.catalina.core.ApplicationFilterChain.doFilter(ApplicationFilterChain.java:149) ~[tomcat-embed-core-10.1.18.jar:10.1.18]
	at org.apache.tomcat.websocket.server.WsFilter.doFilter(WsFilter.java:51) ~[tomcat-embed-websocket-10.1.18.jar:10.1.18]
	at org.apache.catalina.core.ApplicationFilterChain.internalDoFilter(ApplicationFilterChain.java:174) ~[tomcat-embed-core-10.1.18.jar:10.1.18]
	at org.apache.catalina.core.ApplicationFilterChain.doFilter(ApplicationFilterChain.java:149) ~[tomcat-embed-core-10.1.18.jar:10.1.18]
	at org.springframework.web.filter.RequestContextFilter.doFilterInternal(RequestContextFilter.java:100) ~[spring-web-6.1.3.jar:6.1.3]
	at org.springframework.web.filter.OncePerRequestFilter.doFilter(OncePerRequestFilter.java:116) ~[spring-web-6.1.3.jar:6.1.3]
	at org.apache.catalina.core.ApplicationFilterChain.internalDoFilter(ApplicationFilterChain.java:174) ~[tomcat-embed-core-10.1.18.jar:10.1.18]
	at org.apache.catalina.core.ApplicationFilterChain.doFilter(ApplicationFilterChain.java:149) ~[tomcat-embed-core-10.1.18.jar:10.1.18]
	at org.springframework.web.filter.FormContentFilter.doFilterInternal(FormContentFilter.java:93) ~[spring-web-6.1.3.jar:6.1.3]
	at org.springframework.web.filter.OncePerRequestFilter.doFilter(OncePerRequestFilter.java:116) ~[spring-web-6.1.3.jar:6.1.3]
	at org.apache.catalina.core.ApplicationFilterChain.internalDoFilter(ApplicationFilterChain.java:174) ~[tomcat-embed-core-10.1.18.jar:10.1.18]
	at org.apache.catalina.core.ApplicationFilterChain.doFilter(ApplicationFilterChain.java:149) ~[tomcat-embed-core-10.1.18.jar:10.1.18]
	at org.springframework.web.filter.CharacterEncodingFilter.doFilterInternal(CharacterEncodingFilter.java:201) ~[spring-web-6.1.3.jar:6.1.3]
	at org.springframework.web.filter.OncePerRequestFilter.doFilter(OncePerRequestFilter.java:116) ~[spring-web-6.1.3.jar:6.1.3]
	at org.apache.catalina.core.ApplicationFilterChain.internalDoFilter(ApplicationFilterChain.java:174) ~[tomcat-embed-core-10.1.18.jar:10.1.18]
	at org.apache.catalina.core.ApplicationFilterChain.doFilter(ApplicationFilterChain.java:149) ~[tomcat-embed-core-10.1.18.jar:10.1.18]
	at org.apache.catalina.core.StandardWrapperValve.invoke(StandardWrapperValve.java:167) ~[tomcat-embed-core-10.1.18.jar:10.1.18]
	at org.apache.catalina.core.StandardContextValve.invoke(StandardContextValve.java:90) ~[tomcat-embed-core-10.1.18.jar:10.1.18]
	at org.apache.catalina.authenticator.AuthenticatorBase.invoke(AuthenticatorBase.java:482) ~[tomcat-embed-core-10.1.18.jar:10.1.18]
	at org.apache.catalina.core.StandardHostValve.invoke(StandardHostValve.java:115) ~[tomcat-embed-core-10.1.18.jar:10.1.18]
	at org.apache.catalina.valves.ErrorReportValve.invoke(ErrorReportValve.java:93) ~[tomcat-embed-core-10.1.18.jar:10.1.18]
	at org.apache.catalina.core.StandardEngineValve.invoke(StandardEngineValve.java:74) ~[tomcat-embed-core-10.1.18.jar:10.1.18]
	at org.apache.catalina.connector.CoyoteAdapter.service(CoyoteAdapter.java:340) ~[tomcat-embed-core-10.1.18.jar:10.1.18]
	at org.apache.coyote.http11.Http11Processor.service(Http11Processor.java:391) ~[tomcat-embed-core-10.1.18.jar:10.1.18]
	at org.apache.coyote.AbstractProcessorLight.process(AbstractProcessorLight.java:63) ~[tomcat-embed-core-10.1.18.jar:10.1.18]
	at org.apache.coyote.AbstractProtocol$ConnectionHandler.process(AbstractProtocol.java:896) ~[tomcat-embed-core-10.1.18.jar:10.1.18]
	at org.apache.tomcat.util.net.NioEndpoint$SocketProcessor.doRun(NioEndpoint.java:1744) ~[tomcat-embed-core-10.1.18.jar:10.1.18]
	at org.apache.tomcat.util.net.SocketProcessorBase.run(SocketProcessorBase.java:52) ~[tomcat-embed-core-10.1.18.jar:10.1.18]
	at org.apache.tomcat.util.threads.ThreadPoolExecutor.runWorker(ThreadPoolExecutor.java:1191) ~[tomcat-embed-core-10.1.18.jar:10.1.18]
	at org.apache.tomcat.util.threads.ThreadPoolExecutor$Worker.run(ThreadPoolExecutor.java:659) ~[tomcat-embed-core-10.1.18.jar:10.1.18]
	at org.apache.tomcat.util.threads.TaskThread$WrappingRunnable.run(TaskThread.java:61) ~[tomcat-embed-core-10.1.18.jar:10.1.18]
	at java.base/java.lang.Thread.run(Thread.java:1474) ~[na:na]

2026-02-03T15:51:57.132+01:00  WARN 85885 --- [recruitment] [HikariPool-1 housekeeper] com.zaxxer.hikari.pool.HikariPool        : HikariPool-1 - Thread starvation or clock leap detected (housekeeper delta=2m5s579ms).
2026-02-03T15:54:33.558+01:00  WARN 85885 --- [recruitment] [HikariPool-1 housekeeper] com.zaxxer.hikari.pool.HikariPool        : HikariPool-1 - Thread starvation or clock leap detected (housekeeper delta=2m36s429ms).
2026-02-03T15:55:49.536+01:00  WARN 85885 --- [recruitment] [HikariPool-1 housekeeper] com.zaxxer.hikari.pool.HikariPool        : HikariPool-1 - Thread starvation or clock leap detected (housekeeper delta=1m15s977ms).
2026-02-03T15:58:28.057+01:00  WARN 85885 --- [recruitment] [HikariPool-1 housekeeper] com.zaxxer.hikari.pool.HikariPool        : HikariPool-1 - Thread starvation or clock leap detected (housekeeper delta=1m8s505ms).
2026-02-03T16:10:37.535+01:00  WARN 85885 --- [recruitment] [HikariPool-1 housekeeper] com.zaxxer.hikari.pool.HikariPool        : HikariPool-1 - Thread starvation or clock leap detected (housekeeper delta=1m9s377ms).
2026-02-03T16:12:38.323+01:00  WARN 85885 --- [recruitment] [HikariPool-1 housekeeper] com.zaxxer.hikari.pool.HikariPool        : HikariPool-1 - Thread starvation or clock leap detected (housekeeper delta=2m789ms).
2026-02-03T16:14:37.068+01:00  WARN 85885 --- [recruitment] [HikariPool-1 housekeeper] com.zaxxer.hikari.pool.HikariPool        : HikariPool-1 - Thread starvation or clock leap detected (housekeeper delta=1m58s745ms).
2026-02-03T16:16:50.520+01:00  WARN 85885 --- [recruitment] [HikariPool-1 housekeeper] com.zaxxer.hikari.pool.HikariPool        : HikariPool-1 - Thread starvation or clock leap detected (housekeeper delta=2m13s451ms).
2026-02-03T16:25:13.702+01:00  INFO 85885 --- [recruitment] [SpringApplicationShutdownHook] j.LocalContainerEntityManagerFactoryBean : Closing JPA EntityManagerFactory for persistence unit 'default'
2026-02-03T16:25:13.706+01:00  INFO 85885 --- [recruitment] [SpringApplicationShutdownHook] com.zaxxer.hikari.HikariDataSource       : HikariPool-1 - Shutdown initiated...
2026-02-03T16:25:13.708+01:00  INFO 85885 --- [recruitment] [SpringApplicationShutdownHook] com.zaxxer.hikari.HikariDataSource       : HikariPool-1 - Shutdown completed.
2026-02-03T17:01:08.635+01:00  INFO 89592 --- [recruitment] [main] s.k.i.r.RecruitmentApplication           : Starting RecruitmentApplication using Java 25.0.1 with PID 89592 (/Users/noorfaradj/Documents/GitHub/recruitment-system-group14/target/classes started by noorfaradj in /Users/noorfaradj/Documents/GitHub/recruitment-system-group14)
2026-02-03T17:01:08.636+01:00 DEBUG 89592 --- [recruitment] [main] s.k.i.r.RecruitmentApplication           : Running with Spring Boot v3.2.2, Spring v6.1.3
2026-02-03T17:01:08.637+01:00  INFO 89592 --- [recruitment] [main] s.k.i.r.RecruitmentApplication           : No active profile set, falling back to 1 default profile: "default"
2026-02-03T17:01:08.903+01:00  INFO 89592 --- [recruitment] [main] .s.d.r.c.RepositoryConfigurationDelegate : Bootstrapping Spring Data JPA repositories in DEFAULT mode.
2026-02-03T17:01:08.926+01:00  INFO 89592 --- [recruitment] [main] .s.d.r.c.RepositoryConfigurationDelegate : Finished Spring Data repository scanning in 19 ms. Found 1 JPA repository interface.
2026-02-03T17:01:09.171+01:00  INFO 89592 --- [recruitment] [main] o.s.b.w.embedded.tomcat.TomcatWebServer  : Tomcat initialized with port 8080 (http)
2026-02-03T17:01:09.179+01:00  INFO 89592 --- [recruitment] [main] o.apache.catalina.core.StandardService   : Starting service [Tomcat]
2026-02-03T17:01:09.180+01:00  INFO 89592 --- [recruitment] [main] o.apache.catalina.core.StandardEngine    : Starting Servlet engine: [Apache Tomcat/10.1.18]
2026-02-03T17:01:09.209+01:00  INFO 89592 --- [recruitment] [main] o.a.c.c.C.[Tomcat].[localhost].[/]       : Initializing Spring embedded WebApplicationContext
2026-02-03T17:01:09.209+01:00  INFO 89592 --- [recruitment] [main] w.s.c.ServletWebServerApplicationContext : Root WebApplicationContext: initialization completed in 549 ms
2026-02-03T17:01:09.267+01:00  INFO 89592 --- [recruitment] [main] com.zaxxer.hikari.HikariDataSource       : HikariPool-1 - Starting...
2026-02-03T17:01:09.368+01:00  INFO 89592 --- [recruitment] [main] com.zaxxer.hikari.pool.HikariPool        : HikariPool-1 - Added connection org.postgresql.jdbc.PgConnection@7e4579c7
2026-02-03T17:01:09.368+01:00  INFO 89592 --- [recruitment] [main] com.zaxxer.hikari.HikariDataSource       : HikariPool-1 - Start completed.
2026-02-03T17:01:09.401+01:00  INFO 89592 --- [recruitment] [main] o.f.c.internal.license.VersionPrinter    : Flyway Community Edition 9.22.3 by Redgate
2026-02-03T17:01:09.402+01:00  INFO 89592 --- [recruitment] [main] o.f.c.internal.license.VersionPrinter    : See release notes here: https://rd.gt/416ObMi
2026-02-03T17:01:09.402+01:00  INFO 89592 --- [recruitment] [main] o.f.c.internal.license.VersionPrinter    : 
2026-02-03T17:01:09.411+01:00  INFO 89592 --- [recruitment] [main] org.flywaydb.core.FlywayExecutor         : Database: jdbc:postgresql://localhost:5432/recruitment (PostgreSQL 16.11)
2026-02-03T17:01:09.421+01:00  WARN 89592 --- [recruitment] [main] o.f.c.internal.database.base.Database    : Flyway upgrade recommended: PostgreSQL 16.11 is newer than this version of Flyway and support has not been tested. The latest supported version of PostgreSQL is 15.
2026-02-03T17:01:09.437+01:00  INFO 89592 --- [recruitment] [main] o.f.c.i.s.JdbcTableSchemaHistory         : Schema history table "public"."flyway_schema_history" does not exist yet
2026-02-03T17:01:09.440+01:00  INFO 89592 --- [recruitment] [main] o.f.core.internal.command.DbValidate     : Successfully validated 3 migrations (execution time 00:00.011s)
2026-02-03T17:01:09.450+01:00  INFO 89592 --- [recruitment] [main] o.f.c.i.s.JdbcTableSchemaHistory         : Creating Schema History table "public"."flyway_schema_history" ...
2026-02-03T17:01:09.487+01:00  INFO 89592 --- [recruitment] [main] o.f.core.internal.command.DbMigrate      : Current version of schema "public": << Empty Schema >>
2026-02-03T17:01:09.490+01:00  INFO 89592 --- [recruitment] [main] o.f.core.internal.command.DbMigrate      : Migrating schema "public" to version "1 - init schema"
2026-02-03T17:01:09.518+01:00  INFO 89592 --- [recruitment] [main] o.f.core.internal.command.DbMigrate      : Migrating schema "public" to version "2 - canvas data"
2026-02-03T17:01:09.521+01:00  INFO 89592 --- [recruitment] [main] o.f.c.i.s.DefaultSqlScriptExecutor       : +------------+
| set_config |
+------------+
|            |
+------------+

2026-02-03T17:01:09.528+01:00 ERROR 89592 --- [recruitment] [main] o.f.core.internal.command.DbMigrate      : Migration of schema "public" to version "2 - canvas data" failed! Changes successfully rolled back.
2026-02-03T17:01:09.530+01:00  WARN 89592 --- [recruitment] [main] ConfigServletWebServerApplicationContext : Exception encountered during context initialization - cancelling refresh attempt: org.springframework.beans.factory.BeanCreationException: Error creating bean with name 'flywayInitializer' defined in class path resource [org/springframework/boot/autoconfigure/flyway/FlywayAutoConfiguration$FlywayConfiguration.class]: Migration V2__canvas_data.sql failed
------------------------------------
SQL State  : 42704
Error Code : 0
Message    : ERROR: role "postgres" does not exist
Location   : db/migration/V2__canvas_data.sql (/Users/noorfaradj/Documents/GitHub/recruitment-system-group14/target/classes/db/migration/V2__canvas_data.sql)
Line       : 35
Statement  : ALTER TABLE public.availability OWNER TO postgres

2026-02-03T17:01:09.530+01:00  INFO 89592 --- [recruitment] [main] com.zaxxer.hikari.HikariDataSource       : HikariPool-1 - Shutdown initiated...
2026-02-03T17:01:09.546+01:00  INFO 89592 --- [recruitment] [main] com.zaxxer.hikari.HikariDataSource       : HikariPool-1 - Shutdown completed.
2026-02-03T17:01:09.547+01:00  INFO 89592 --- [recruitment] [main] o.apache.catalina.core.StandardService   : Stopping service [Tomcat]
2026-02-03T17:01:09.553+01:00  INFO 89592 --- [recruitment] [main] .s.b.a.l.ConditionEvaluationReportLogger : 

Error starting ApplicationContext. To display the condition evaluation report re-run your application with 'debug' enabled.
2026-02-03T17:01:09.561+01:00 ERROR 89592 --- [recruitment] [main] o.s.boot.SpringApplication               : Application run failed

org.springframework.beans.factory.BeanCreationException: Error creating bean with name 'flywayInitializer' defined in class path resource [org/springframework/boot/autoconfigure/flyway/FlywayAutoConfiguration$FlywayConfiguration.class]: Migration V2__canvas_data.sql failed
------------------------------------
SQL State  : 42704
Error Code : 0
Message    : ERROR: role "postgres" does not exist
Location   : db/migration/V2__canvas_data.sql (/Users/noorfaradj/Documents/GitHub/recruitment-system-group14/target/classes/db/migration/V2__canvas_data.sql)
Line       : 35
Statement  : ALTER TABLE public.availability OWNER TO postgres

	at org.springframework.beans.factory.support.AbstractAutowireCapableBeanFactory.initializeBean(AbstractAutowireCapableBeanFactory.java:1773) ~[spring-beans-6.1.3.jar:6.1.3]
	at org.springframework.beans.factory.support.AbstractAutowireCapableBeanFactory.doCreateBean(AbstractAutowireCapableBeanFactory.java:599) ~[spring-beans-6.1.3.jar:6.1.3]
	at org.springframework.beans.factory.support.AbstractAutowireCapableBeanFactory.createBean(AbstractAutowireCapableBeanFactory.java:521) ~[spring-beans-6.1.3.jar:6.1.3]
	at org.springframework.beans.factory.support.AbstractBeanFactory.lambda$doGetBean$0(AbstractBeanFactory.java:325) ~[spring-beans-6.1.3.jar:6.1.3]
	at org.springframework.beans.factory.support.DefaultSingletonBeanRegistry.getSingleton(DefaultSingletonBeanRegistry.java:234) ~[spring-beans-6.1.3.jar:6.1.3]
	at org.springframework.beans.factory.support.AbstractBeanFactory.doGetBean(AbstractBeanFactory.java:323) ~[spring-beans-6.1.3.jar:6.1.3]
	at org.springframework.beans.factory.support.AbstractBeanFactory.getBean(AbstractBeanFactory.java:199) ~[spring-beans-6.1.3.jar:6.1.3]
	at org.springframework.beans.factory.support.AbstractBeanFactory.doGetBean(AbstractBeanFactory.java:312) ~[spring-beans-6.1.3.jar:6.1.3]
	at org.springframework.beans.factory.support.AbstractBeanFactory.getBean(AbstractBeanFactory.java:199) ~[spring-beans-6.1.3.jar:6.1.3]
	at org.springframework.context.support.AbstractApplicationContext.getBean(AbstractApplicationContext.java:1231) ~[spring-context-6.1.3.jar:6.1.3]
	at org.springframework.context.support.AbstractApplicationContext.finishBeanFactoryInitialization(AbstractApplicationContext.java:949) ~[spring-context-6.1.3.jar:6.1.3]
	at org.springframework.context.support.AbstractApplicationContext.refresh(AbstractApplicationContext.java:624) ~[spring-context-6.1.3.jar:6.1.3]
	at org.springframework.boot.web.servlet.context.ServletWebServerApplicationContext.refresh(ServletWebServerApplicationContext.java:146) ~[spring-boot-3.2.2.jar:3.2.2]
	at org.springframework.boot.SpringApplication.refresh(SpringApplication.java:754) ~[spring-boot-3.2.2.jar:3.2.2]
	at org.springframework.boot.SpringApplication.refreshContext(SpringApplication.java:456) ~[spring-boot-3.2.2.jar:3.2.2]
	at org.springframework.boot.SpringApplication.run(SpringApplication.java:334) ~[spring-boot-3.2.2.jar:3.2.2]
	at org.springframework.boot.SpringApplication.run(SpringApplication.java:1354) ~[spring-boot-3.2.2.jar:3.2.2]
	at org.springframework.boot.SpringApplication.run(SpringApplication.java:1343) ~[spring-boot-3.2.2.jar:3.2.2]
	at se.kth.iv1201.recruitment.RecruitmentApplication.main(RecruitmentApplication.java:19) ~[classes/:na]
Caused by: org.flywaydb.core.internal.command.DbMigrate$FlywayMigrateException: Migration V2__canvas_data.sql failed
------------------------------------
SQL State  : 42704
Error Code : 0
Message    : ERROR: role "postgres" does not exist
Location   : db/migration/V2__canvas_data.sql (/Users/noorfaradj/Documents/GitHub/recruitment-system-group14/target/classes/db/migration/V2__canvas_data.sql)
Line       : 35
Statement  : ALTER TABLE public.availability OWNER TO postgres

	at org.flywaydb.core.internal.command.DbMigrate.doMigrateGroup(DbMigrate.java:382) ~[flyway-core-9.22.3.jar:na]
	at org.flywaydb.core.internal.command.DbMigrate.lambda$applyMigrations$1(DbMigrate.java:272) ~[flyway-core-9.22.3.jar:na]
	at org.flywaydb.core.internal.jdbc.TransactionalExecutionTemplate.execute(TransactionalExecutionTemplate.java:55) ~[flyway-core-9.22.3.jar:na]
	at org.flywaydb.core.internal.command.DbMigrate.applyMigrations(DbMigrate.java:271) ~[flyway-core-9.22.3.jar:na]
	at org.flywaydb.core.internal.command.DbMigrate.migrateGroup(DbMigrate.java:244) ~[flyway-core-9.22.3.jar:na]
	at org.flywaydb.core.internal.command.DbMigrate.lambda$migrateAll$0(DbMigrate.java:139) ~[flyway-core-9.22.3.jar:na]
	at org.flywaydb.core.internal.database.postgresql.PostgreSQLAdvisoryLockTemplate.execute(PostgreSQLAdvisoryLockTemplate.java:73) ~[flyway-core-9.22.3.jar:na]
	at org.flywaydb.core.internal.database.postgresql.PostgreSQLAdvisoryLockTemplate.lambda$execute$0(PostgreSQLAdvisoryLockTemplate.java:56) ~[flyway-core-9.22.3.jar:na]
	at org.flywaydb.core.internal.jdbc.TransactionalExecutionTemplate.execute(TransactionalExecutionTemplate.java:55) ~[flyway-core-9.22.3.jar:na]
	at org.flywaydb.core.internal.database.postgresql.PostgreSQLAdvisoryLockTemplate.execute(PostgreSQLAdvisoryLockTemplate.java:56) ~[flyway-core-9.22.3.jar:na]
	at org.flywaydb.core.internal.database.postgresql.PostgreSQLConnection.lock(PostgreSQLConnection.java:96) ~[flyway-core-9.22.3.jar:na]
	at org.flywaydb.core.internal.schemahistory.JdbcTableSchemaHistory.lock(JdbcTableSchemaHistory.java:144) ~[flyway-core-9.22.3.jar:na]
	at org.flywaydb.core.internal.command.DbMigrate.migrateAll(DbMigrate.java:139) ~[flyway-core-9.22.3.jar:na]
	at org.flywaydb.core.internal.command.DbMigrate.migrate(DbMigrate.java:97) ~[flyway-core-9.22.3.jar:na]
	at org.flywaydb.core.Flyway.lambda$migrate$0(Flyway.java:188) ~[flyway-core-9.22.3.jar:na]
	at org.flywaydb.core.FlywayExecutor.execute(FlywayExecutor.java:213) ~[flyway-core-9.22.3.jar:na]
	at org.flywaydb.core.Flyway.migrate(Flyway.java:140) ~[flyway-core-9.22.3.jar:na]
	at org.springframework.boot.autoconfigure.flyway.FlywayMigrationInitializer.afterPropertiesSet(FlywayMigrationInitializer.java:66) ~[spring-boot-autoconfigure-3.2.2.jar:3.2.2]
	at org.springframework.beans.factory.support.AbstractAutowireCapableBeanFactory.invokeInitMethods(AbstractAutowireCapableBeanFactory.java:1820) ~[spring-beans-6.1.3.jar:6.1.3]
	at org.springframework.beans.factory.support.AbstractAutowireCapableBeanFactory.initializeBean(AbstractAutowireCapableBeanFactory.java:1769) ~[spring-beans-6.1.3.jar:6.1.3]
	... 18 common frames omitted
Caused by: org.flywaydb.core.internal.sqlscript.FlywaySqlScriptException: Migration V2__canvas_data.sql failed
------------------------------------
SQL State  : 42704
Error Code : 0
Message    : ERROR: role "postgres" does not exist
Location   : db/migration/V2__canvas_data.sql (/Users/noorfaradj/Documents/GitHub/recruitment-system-group14/target/classes/db/migration/V2__canvas_data.sql)
Line       : 35
Statement  : ALTER TABLE public.availability OWNER TO postgres

	at org.flywaydb.core.internal.sqlscript.DefaultSqlScriptExecutor.handleException(DefaultSqlScriptExecutor.java:267) ~[flyway-core-9.22.3.jar:na]
	at org.flywaydb.core.internal.sqlscript.DefaultSqlScriptExecutor.executeStatement(DefaultSqlScriptExecutor.java:222) ~[flyway-core-9.22.3.jar:na]
	at org.flywaydb.core.internal.sqlscript.DefaultSqlScriptExecutor.execute(DefaultSqlScriptExecutor.java:126) ~[flyway-core-9.22.3.jar:na]
	at org.flywaydb.core.internal.resolver.sql.SqlMigrationExecutor.executeOnce(SqlMigrationExecutor.java:68) ~[flyway-core-9.22.3.jar:na]
	at org.flywaydb.core.internal.resolver.sql.SqlMigrationExecutor.lambda$execute$0(SqlMigrationExecutor.java:57) ~[flyway-core-9.22.3.jar:na]
	at org.flywaydb.core.internal.database.DefaultExecutionStrategy.execute(DefaultExecutionStrategy.java:27) ~[flyway-core-9.22.3.jar:na]
	at org.flywaydb.core.internal.resolver.sql.SqlMigrationExecutor.execute(SqlMigrationExecutor.java:56) ~[flyway-core-9.22.3.jar:na]
	at org.flywaydb.core.internal.command.DbMigrate.doMigrateGroup(DbMigrate.java:374) ~[flyway-core-9.22.3.jar:na]
	... 37 common frames omitted
Caused by: org.postgresql.util.PSQLException: ERROR: role "postgres" does not exist
	at org.postgresql.core.v3.QueryExecutorImpl.receiveErrorResponse(QueryExecutorImpl.java:2713) ~[postgresql-42.6.0.jar:42.6.0]
	at org.postgresql.core.v3.QueryExecutorImpl.processResults(QueryExecutorImpl.java:2401) ~[postgresql-42.6.0.jar:42.6.0]
	at org.postgresql.core.v3.QueryExecutorImpl.execute(QueryExecutorImpl.java:368) ~[postgresql-42.6.0.jar:42.6.0]
	at org.postgresql.jdbc.PgStatement.executeInternal(PgStatement.java:498) ~[postgresql-42.6.0.jar:42.6.0]
	at org.postgresql.jdbc.PgStatement.execute(PgStatement.java:415) ~[postgresql-42.6.0.jar:42.6.0]
	at org.postgresql.jdbc.PgStatement.executeWithFlags(PgStatement.java:335) ~[postgresql-42.6.0.jar:42.6.0]
	at org.postgresql.jdbc.PgStatement.executeCachedSql(PgStatement.java:321) ~[postgresql-42.6.0.jar:42.6.0]
	at org.postgresql.jdbc.PgStatement.executeWithFlags(PgStatement.java:297) ~[postgresql-42.6.0.jar:42.6.0]
	at org.postgresql.jdbc.PgStatement.execute(PgStatement.java:292) ~[postgresql-42.6.0.jar:42.6.0]
	at com.zaxxer.hikari.pool.ProxyStatement.execute(ProxyStatement.java:94) ~[HikariCP-5.0.1.jar:na]
	at com.zaxxer.hikari.pool.HikariProxyStatement.execute(HikariProxyStatement.java) ~[HikariCP-5.0.1.jar:na]
	at org.flywaydb.core.internal.jdbc.JdbcTemplate.executeStatement(JdbcTemplate.java:201) ~[flyway-core-9.22.3.jar:na]
	at org.flywaydb.core.internal.sqlscript.ParsedSqlStatement.execute(ParsedSqlStatement.java:95) ~[flyway-core-9.22.3.jar:na]
	at org.flywaydb.core.internal.sqlscript.DefaultSqlScriptExecutor.executeStatement(DefaultSqlScriptExecutor.java:210) ~[flyway-core-9.22.3.jar:na]
	... 43 common frames omitted

2026-02-03T17:04:43.981+01:00  INFO 89790 --- [recruitment] [main] s.k.i.r.RecruitmentApplication           : Starting RecruitmentApplication using Java 25.0.1 with PID 89790 (/Users/noorfaradj/Documents/GitHub/recruitment-system-group14/target/classes started by noorfaradj in /Users/noorfaradj/Documents/GitHub/recruitment-system-group14)
2026-02-03T17:04:43.981+01:00 DEBUG 89790 --- [recruitment] [main] s.k.i.r.RecruitmentApplication           : Running with Spring Boot v3.2.2, Spring v6.1.3
2026-02-03T17:04:43.982+01:00  INFO 89790 --- [recruitment] [main] s.k.i.r.RecruitmentApplication           : No active profile set, falling back to 1 default profile: "default"
2026-02-03T17:04:44.251+01:00  INFO 89790 --- [recruitment] [main] .s.d.r.c.RepositoryConfigurationDelegate : Bootstrapping Spring Data JPA repositories in DEFAULT mode.
2026-02-03T17:04:44.274+01:00  INFO 89790 --- [recruitment] [main] .s.d.r.c.RepositoryConfigurationDelegate : Finished Spring Data repository scanning in 19 ms. Found 1 JPA repository interface.
2026-02-03T17:04:44.525+01:00  INFO 89790 --- [recruitment] [main] o.s.b.w.embedded.tomcat.TomcatWebServer  : Tomcat initialized with port 8080 (http)
2026-02-03T17:04:44.534+01:00  INFO 89790 --- [recruitment] [main] o.apache.catalina.core.StandardService   : Starting service [Tomcat]
2026-02-03T17:04:44.534+01:00  INFO 89790 --- [recruitment] [main] o.apache.catalina.core.StandardEngine    : Starting Servlet engine: [Apache Tomcat/10.1.18]
2026-02-03T17:04:44.561+01:00  INFO 89790 --- [recruitment] [main] o.a.c.c.C.[Tomcat].[localhost].[/]       : Initializing Spring embedded WebApplicationContext
2026-02-03T17:04:44.562+01:00  INFO 89790 --- [recruitment] [main] w.s.c.ServletWebServerApplicationContext : Root WebApplicationContext: initialization completed in 559 ms
2026-02-03T17:04:44.613+01:00  INFO 89790 --- [recruitment] [main] com.zaxxer.hikari.HikariDataSource       : HikariPool-1 - Starting...
2026-02-03T17:04:44.739+01:00  INFO 89790 --- [recruitment] [main] com.zaxxer.hikari.pool.HikariPool        : HikariPool-1 - Added connection org.postgresql.jdbc.PgConnection@771a7d53
2026-02-03T17:04:44.740+01:00  INFO 89790 --- [recruitment] [main] com.zaxxer.hikari.HikariDataSource       : HikariPool-1 - Start completed.
2026-02-03T17:04:44.778+01:00  INFO 89790 --- [recruitment] [main] o.f.c.internal.license.VersionPrinter    : Flyway Community Edition 9.22.3 by Redgate
2026-02-03T17:04:44.778+01:00  INFO 89790 --- [recruitment] [main] o.f.c.internal.license.VersionPrinter    : See release notes here: https://rd.gt/416ObMi
2026-02-03T17:04:44.778+01:00  INFO 89790 --- [recruitment] [main] o.f.c.internal.license.VersionPrinter    : 
2026-02-03T17:04:44.798+01:00  INFO 89790 --- [recruitment] [main] org.flywaydb.core.FlywayExecutor         : Database: jdbc:postgresql://localhost:5432/recruitment (PostgreSQL 16.11)
2026-02-03T17:04:44.803+01:00  WARN 89790 --- [recruitment] [main] o.f.c.internal.database.base.Database    : Flyway upgrade recommended: PostgreSQL 16.11 is newer than this version of Flyway and support has not been tested. The latest supported version of PostgreSQL is 15.
2026-02-03T17:04:44.836+01:00  INFO 89790 --- [recruitment] [main] o.f.core.internal.command.DbValidate     : Successfully validated 3 migrations (execution time 00:00.023s)
2026-02-03T17:04:44.869+01:00  INFO 89790 --- [recruitment] [main] o.f.core.internal.command.DbMigrate      : Current version of schema "public": 1
2026-02-03T17:04:44.897+01:00  INFO 89790 --- [recruitment] [main] o.f.core.internal.command.DbMigrate      : Migrating schema "public" to version "2 - canvas data"
2026-02-03T17:04:44.905+01:00  INFO 89790 --- [recruitment] [main] o.f.c.i.s.DefaultSqlScriptExecutor       : +------------+
| set_config |
+------------+
|            |
+------------+

2026-02-03T17:04:44.943+01:00  INFO 89790 --- [recruitment] [main] o.f.c.i.s.DefaultSqlScriptExecutor       : +--------+
| setval |
+--------+
| 20862  |
+--------+

2026-02-03T17:04:44.943+01:00  INFO 89790 --- [recruitment] [main] o.f.c.i.s.DefaultSqlScriptExecutor       : +--------+
| setval |
+--------+
| 3      |
+--------+

2026-02-03T17:04:44.943+01:00  INFO 89790 --- [recruitment] [main] o.f.c.i.s.DefaultSqlScriptExecutor       : +--------+
| setval |
+--------+
| 6487   |
+--------+

2026-02-03T17:04:44.944+01:00  INFO 89790 --- [recruitment] [main] o.f.c.i.s.DefaultSqlScriptExecutor       : +--------+
| setval |
+--------+
| 1010   |
+--------+

2026-02-03T17:04:44.944+01:00  INFO 89790 --- [recruitment] [main] o.f.c.i.s.DefaultSqlScriptExecutor       : +--------+
| setval |
+--------+
| 2      |
+--------+

2026-02-03T17:04:44.967+01:00  INFO 89790 --- [recruitment] [main] o.f.core.internal.command.DbMigrate      : Migrating schema "public" to version "3 - no password"
2026-02-03T17:04:44.986+01:00  INFO 89790 --- [recruitment] [main] o.f.core.internal.command.DbMigrate      : Successfully applied 2 migrations to schema "public", now at version v3 (execution time 00:00.073s)
2026-02-03T17:04:45.027+01:00  INFO 89790 --- [recruitment] [main] o.hibernate.jpa.internal.util.LogHelper  : HHH000204: Processing PersistenceUnitInfo [name: default]
2026-02-03T17:04:45.056+01:00  INFO 89790 --- [recruitment] [main] org.hibernate.Version                    : HHH000412: Hibernate ORM core version 6.4.1.Final
2026-02-03T17:04:45.073+01:00  INFO 89790 --- [recruitment] [main] o.h.c.internal.RegionFactoryInitiator    : HHH000026: Second-level cache disabled
2026-02-03T17:04:45.192+01:00  INFO 89790 --- [recruitment] [main] o.s.o.j.p.SpringPersistenceUnitInfo      : No LoadTimeWeaver setup: ignoring JPA class transformer
2026-02-03T17:04:45.602+01:00  INFO 89790 --- [recruitment] [main] o.h.e.t.j.p.i.JtaPlatformInitiator       : HHH000489: No JTA platform available (set 'hibernate.transaction.jta.platform' to enable JTA platform integration)
2026-02-03T17:04:45.630+01:00  INFO 89790 --- [recruitment] [main] j.LocalContainerEntityManagerFactoryBean : Initialized JPA EntityManagerFactory for persistence unit 'default'
2026-02-03T17:04:45.915+01:00  INFO 89790 --- [recruitment] [main] o.s.b.w.embedded.tomcat.TomcatWebServer  : Tomcat started on port 8080 (http) with context path ''
2026-02-03T17:04:45.919+01:00  INFO 89790 --- [recruitment] [main] s.k.i.r.RecruitmentApplication           : Started RecruitmentApplication in 2.111 seconds (process running for 2.255)
2026-02-03T17:04:48.576+01:00  INFO 89790 --- [recruitment] [http-nio-8080-exec-1] o.a.c.c.C.[Tomcat].[localhost].[/]       : Initializing Spring DispatcherServlet 'dispatcherServlet'
2026-02-03T17:04:48.576+01:00  INFO 89790 --- [recruitment] [http-nio-8080-exec-1] o.s.web.servlet.DispatcherServlet        : Initializing Servlet 'dispatcherServlet'
2026-02-03T17:04:48.578+01:00  INFO 89790 --- [recruitment] [http-nio-8080-exec-1] o.s.web.servlet.DispatcherServlet        : Completed initialization in 1 ms
2026-02-03T17:04:48.604+01:00  INFO 89790 --- [recruitment] [http-nio-8080-exec-1] s.k.i.r.controller.RecruiterController   : Anrop mottaget: Listar alla jobbansökningar.
2026-02-03T17:04:48.614+01:00 DEBUG 89790 --- [recruitment] [http-nio-8080-exec-1] s.k.i.r.s.i.JobApplicationServiceImpl    : Hämtar alla jobbansökningar från databasen.
2026-02-03T17:04:50.660+01:00  INFO 89790 --- [recruitment] [http-nio-8080-exec-3] s.k.i.r.controller.RecruiterController   : Anrop mottaget: Listar alla jobbansökningar.
2026-02-03T17:04:50.669+01:00 DEBUG 89790 --- [recruitment] [http-nio-8080-exec-3] s.k.i.r.s.i.JobApplicationServiceImpl    : Hämtar alla jobbansökningar från databasen.
